[0m12:05:02.267469 [debug] [MainThread]: Sending event: {'category': 'dbt', 'action': 'invocation', 'label': 'start', 'context': [<snowplow_tracker.self_describing_json.SelfDescribingJson object at 0x000001D725D62D70>, <snowplow_tracker.self_describing_json.SelfDescribingJson object at 0x000001D728646200>, <snowplow_tracker.self_describing_json.SelfDescribingJson object at 0x000001D728646020>]}


============================== 12:05:02.274342 | 9498c6a5-ea31-4390-8249-b4f200703cb4 ==============================
[0m12:05:02.274342 [info ] [MainThread]: Running with dbt=1.7.9
[0m12:05:02.275341 [debug] [MainThread]: running dbt with arguments {'printer_width': '80', 'indirect_selection': 'eager', 'write_json': 'True', 'log_cache_events': 'False', 'partial_parse': 'True', 'cache_selected_only': 'False', 'warn_error': 'None', 'version_check': 'True', 'fail_fast': 'False', 'log_path': 'logs', 'profiles_dir': 'C:\\Users\\KeerthanaP\\.dbt', 'debug': 'False', 'use_colors': 'True', 'use_experimental_parser': 'False', 'no_print': 'None', 'quiet': 'False', 'log_format': 'default', 'introspect': 'True', 'warn_error_options': 'WarnErrorOptions(include=[], exclude=[])', 'invocation_command': 'dbt init timesheet', 'target_path': 'None', 'static_parser': 'True', 'send_anonymous_usage_stats': 'True'}
[0m12:05:02.279511 [debug] [MainThread]: Starter project path: C:\Users\KeerthanaP\AppData\Local\Programs\Python\Python310\lib\site-packages\dbt\include\starter_project
[0m12:05:02.349186 [info ] [MainThread]: 
Your new dbt project "timesheet" was created!

For more information on how to configure the profiles.yml file,
please consult the dbt documentation here:

  https://docs.getdbt.com/docs/configure-your-profile

One more thing:

Need help? Don't hesitate to reach out to us via GitHub issues or on Slack:

  https://community.getdbt.com/

Happy modeling!

[0m12:05:02.350185 [info ] [MainThread]: Setting up your profile.
[0m12:05:07.224293 [info ] [MainThread]: No sample profile found for sqlserver.
[0m12:05:07.226296 [debug] [MainThread]: Command `dbt init` succeeded at 12:05:07.226296 after 5.05 seconds
[0m12:05:07.227291 [debug] [MainThread]: Sending event: {'category': 'dbt', 'action': 'invocation', 'label': 'end', 'context': [<snowplow_tracker.self_describing_json.SelfDescribingJson object at 0x000001D725D62D70>, <snowplow_tracker.self_describing_json.SelfDescribingJson object at 0x000001D728646170>, <snowplow_tracker.self_describing_json.SelfDescribingJson object at 0x000001D7286461D0>]}
[0m12:05:07.227291 [debug] [MainThread]: Flushing usage events
[0m12:08:29.373736 [debug] [MainThread]: Sending event: {'category': 'dbt', 'action': 'invocation', 'label': 'start', 'context': [<snowplow_tracker.self_describing_json.SelfDescribingJson object at 0x000002860499ED70>, <snowplow_tracker.self_describing_json.SelfDescribingJson object at 0x0000028607286200>, <snowplow_tracker.self_describing_json.SelfDescribingJson object at 0x0000028607286020>]}


============================== 12:08:29.378748 | 691efb90-7ee1-491d-9f7f-fe0180a79f09 ==============================
[0m12:08:29.378748 [info ] [MainThread]: Running with dbt=1.7.9
[0m12:08:29.379748 [debug] [MainThread]: running dbt with arguments {'printer_width': '80', 'indirect_selection': 'eager', 'write_json': 'True', 'log_cache_events': 'False', 'partial_parse': 'True', 'cache_selected_only': 'False', 'profiles_dir': 'C:\\Users\\KeerthanaP\\.dbt', 'fail_fast': 'False', 'version_check': 'True', 'log_path': 'logs', 'warn_error': 'None', 'debug': 'False', 'use_colors': 'True', 'use_experimental_parser': 'False', 'no_print': 'None', 'quiet': 'False', 'warn_error_options': 'WarnErrorOptions(include=[], exclude=[])', 'invocation_command': 'dbt debug', 'introspect': 'True', 'static_parser': 'True', 'target_path': 'None', 'log_format': 'default', 'send_anonymous_usage_stats': 'True'}
[0m12:08:29.380733 [info ] [MainThread]: dbt version: 1.7.9
[0m12:08:29.381746 [info ] [MainThread]: python version: 3.10.0
[0m12:08:29.382541 [info ] [MainThread]: python path: C:\Users\KeerthanaP\AppData\Local\Programs\Python\Python310\python.exe
[0m12:08:29.383557 [info ] [MainThread]: os info: Windows-10-10.0.19045-SP0
[0m12:08:29.726034 [info ] [MainThread]: Using profiles dir at C:\Users\KeerthanaP\.dbt
[0m12:08:29.727033 [info ] [MainThread]: Using profiles.yml file at C:\Users\KeerthanaP\.dbt\profiles.yml
[0m12:08:29.728020 [info ] [MainThread]: Using dbt_project.yml file at C:\Users\KeerthanaP\Desktop\TimeSheet_DBT\dbt_project.yml
[0m12:08:29.729020 [info ] [MainThread]: adapter type: sqlserver
[0m12:08:29.729020 [info ] [MainThread]: adapter version: 1.7.4
[0m12:08:29.730032 [info ] [MainThread]: Configuration:
[0m12:08:29.731018 [info ] [MainThread]:   profiles.yml file [[32mOK found and valid[0m]
[0m12:08:29.731018 [info ] [MainThread]:   dbt_project.yml file [[31mERROR not found[0m]
[0m12:08:29.732030 [info ] [MainThread]: Required dependencies:
[0m12:08:29.733016 [debug] [MainThread]: Executing "git --help"
[0m12:08:29.784996 [debug] [MainThread]: STDOUT: "b"usage: git [-v | --version] [-h | --help] [-C <path>] [-c <name>=<value>]\n           [--exec-path[=<path>]] [--html-path] [--man-path] [--info-path]\n           [-p | --paginate | -P | --no-pager] [--no-replace-objects] [--bare]\n           [--git-dir=<path>] [--work-tree=<path>] [--namespace=<name>]\n           [--config-env=<name>=<envvar>] <command> [<args>]\n\nThese are common Git commands used in various situations:\n\nstart a working area (see also: git help tutorial)\n   clone     Clone a repository into a new directory\n   init      Create an empty Git repository or reinitialize an existing one\n\nwork on the current change (see also: git help everyday)\n   add       Add file contents to the index\n   mv        Move or rename a file, a directory, or a symlink\n   restore   Restore working tree files\n   rm        Remove files from the working tree and from the index\n\nexamine the history and state (see also: git help revisions)\n   bisect    Use binary search to find the commit that introduced a bug\n   diff      Show changes between commits, commit and working tree, etc\n   grep      Print lines matching a pattern\n   log       Show commit logs\n   show      Show various types of objects\n   status    Show the working tree status\n\ngrow, mark and tweak your common history\n   branch    List, create, or delete branches\n   commit    Record changes to the repository\n   merge     Join two or more development histories together\n   rebase    Reapply commits on top of another base tip\n   reset     Reset current HEAD to the specified state\n   switch    Switch branches\n   tag       Create, list, delete or verify a tag object signed with GPG\n\ncollaborate (see also: git help workflows)\n   fetch     Download objects and refs from another repository\n   pull      Fetch from and integrate with another repository or a local branch\n   push      Update remote refs along with associated objects\n\n'git help -a' and 'git help -g' list available subcommands and some\nconcept guides. See 'git help <command>' or 'git help <concept>'\nto read about a specific subcommand or concept.\nSee 'git help git' for an overview of the system.\n""
[0m12:08:29.785996 [debug] [MainThread]: STDERR: "b''"
[0m12:08:29.786995 [info ] [MainThread]:  - git [[32mOK found[0m]

[0m12:08:29.787391 [info ] [MainThread]: Connection:
[0m12:08:29.788393 [info ] [MainThread]:   server: DESKTOP-E265R59\MSSQLSERVER01
[0m12:08:29.788393 [info ] [MainThread]:   database: master
[0m12:08:29.789406 [info ] [MainThread]:   schema: dbt
[0m12:08:29.789406 [info ] [MainThread]:   UID: None
[0m12:08:29.790405 [info ] [MainThread]:   client_id: None
[0m12:08:29.791391 [info ] [MainThread]:   authentication: sql
[0m12:08:29.791391 [info ] [MainThread]:   encrypt: False
[0m12:08:29.792404 [info ] [MainThread]:   trust_cert: False
[0m12:08:29.793403 [info ] [MainThread]:   retries: 1
[0m12:08:29.793403 [info ] [MainThread]:   login_timeout: 0
[0m12:08:29.794388 [info ] [MainThread]:   query_timeout: 0
[0m12:08:29.795390 [info ] [MainThread]:   port: 1433
[0m12:08:29.796403 [info ] [MainThread]: Registered adapter: sqlserver=1.7.4
[0m12:08:29.798387 [debug] [MainThread]: Acquiring new sqlserver connection 'debug'
[0m12:08:29.798387 [debug] [MainThread]: Using sqlserver connection "debug"
[0m12:08:29.799397 [debug] [MainThread]: On debug: select 1 as id
[0m12:08:29.799397 [debug] [MainThread]: Opening a new connection, currently in state init
[0m12:08:29.800396 [debug] [MainThread]: fabric adapter: Using connection string: DRIVER={ODBC Driver 18 for SQL Server};SERVER=DESKTOP-E265R59\MSSQLSERVER01;Database=master;trusted_connection=Yes;encrypt=No;TrustServerCertificate=No;APP=dbt-sqlserver/1.7.4;ConnectRetryCount=1
[0m12:08:30.015856 [debug] [MainThread]: fabric adapter: Connected to db: master
[0m12:08:30.018547 [debug] [MainThread]: SQL status: OK in 0.0 seconds
[0m12:08:30.019550 [debug] [MainThread]: On debug: Close
[0m12:08:30.020559 [info ] [MainThread]:   Connection test: [[32mOK connection ok[0m]

[0m12:08:30.021720 [info ] [MainThread]: [31m1 check failed:[0m
[0m12:08:30.022722 [info ] [MainThread]: Project loading failed for the following reason:
 project path <C:\Users\KeerthanaP\Desktop\TimeSheet_DBT\dbt_project.yml> not found

[0m12:08:30.024735 [debug] [MainThread]: Command `dbt debug` failed at 12:08:30.024735 after 0.75 seconds
[0m12:08:30.024735 [debug] [MainThread]: Connection 'debug' was properly closed.
[0m12:08:30.025734 [debug] [MainThread]: Sending event: {'category': 'dbt', 'action': 'invocation', 'label': 'end', 'context': [<snowplow_tracker.self_describing_json.SelfDescribingJson object at 0x000002860499ED70>, <snowplow_tracker.self_describing_json.SelfDescribingJson object at 0x000002860788A680>, <snowplow_tracker.self_describing_json.SelfDescribingJson object at 0x0000028607889000>]}
[0m12:08:30.025734 [debug] [MainThread]: Flushing usage events
